2022-02-04 10:52:06 INFO  SortManager:41 - Bubble sorted in 4800 Nano Seconds
2022-02-04 10:52:06 INFO  SortManager:42 - Merge sorted in 6700 Nano Seconds
2022-02-04 11:38:30 INFO  SortManager:51 - Bubble sorted in 7100 Nano Seconds
2022-02-04 11:38:30 INFO  SortManager:52 - Merge sorted in 10200 Nano Seconds
2022-02-04 11:38:30 INFO  SortManager:53 - BST sorted in 4492400 Nano Seconds
2022-02-04 11:40:11 INFO  SortManager:52 - Bubble sorted in 5000 Nano Seconds
2022-02-04 11:40:11 INFO  SortManager:53 - Merge sorted in 8000 Nano Seconds
2022-02-04 11:40:11 INFO  SortManager:54 - BST sorted in 3752300 Nano Seconds
2022-02-04 11:41:09 INFO  SortManager:52 - Bubble sorted in 6300 Nano Seconds
2022-02-04 11:41:09 INFO  SortManager:53 - Merge sorted in 8800 Nano Seconds
2022-02-04 11:41:09 INFO  SortManager:54 - BST sorted in 3594400 Nano Seconds
2022-02-04 11:42:19 INFO  SortManager:52 - Bubble sorted in 5700 Nano Seconds
2022-02-04 11:42:19 INFO  SortManager:53 - Merge sorted in 8200 Nano Seconds
2022-02-04 11:42:19 INFO  SortManager:54 - BST sorted in 347700 Nano Seconds
2022-02-04 11:50:40 INFO  SortManager:52 - Bubble sorted in 4700 Nano Seconds
2022-02-04 11:50:40 INFO  SortManager:53 - Merge sorted in 6300 Nano Seconds
2022-02-04 11:50:40 INFO  SortManager:54 - BST sorted in 9114600 Nano Seconds
2022-02-04 11:52:41 INFO  SortManager:52 - Bubble sorted in 5000 Nano Seconds
2022-02-04 11:52:41 INFO  SortManager:53 - Merge sorted in 6300 Nano Seconds
2022-02-04 11:52:41 INFO  SortManager:54 - BST sorted in 1026332000 Nano Seconds
2022-02-04 11:53:35 INFO  SortManager:52 - Bubble sorted in 4600 Nano Seconds
2022-02-04 11:53:35 INFO  SortManager:53 - Merge sorted in 10300 Nano Seconds
2022-02-04 11:53:35 INFO  SortManager:54 - BST sorted in 1016335500 Nano Seconds
2022-02-04 12:00:06 INFO  SortManager:52 - Bubble sorted in 6099 Nano Seconds
2022-02-04 12:00:06 INFO  SortManager:53 - Merge sorted in 7800 Nano Seconds
2022-02-04 12:00:06 INFO  SortManager:54 - BST sorted in 426500 Nano Seconds
2022-02-04 12:00:19 INFO  SortManager:52 - Bubble sorted in 4400 Nano Seconds
2022-02-04 12:00:19 INFO  SortManager:53 - Merge sorted in 6100 Nano Seconds
2022-02-04 12:00:19 INFO  SortManager:54 - BST sorted in 335300 Nano Seconds
2022-02-04 12:00:31 INFO  SortManager:52 - Bubble sorted in 4100 Nano Seconds
2022-02-04 12:00:31 INFO  SortManager:53 - Merge sorted in 5500 Nano Seconds
2022-02-04 12:00:31 INFO  SortManager:54 - BST sorted in 346000 Nano Seconds
2022-02-04 12:12:04 INFO  SortManager:63 - Bubble sorted in 5500 Nano Seconds
2022-02-04 12:12:04 INFO  SortManager:64 - Merge sorted in 6901 Nano Seconds
2022-02-04 12:12:04 INFO  SortManager:65 - BST sorted in 0 Nano Seconds
2022-02-04 12:12:53 INFO  SortManager:63 - Bubble sorted in 5000 Nano Seconds
2022-02-04 12:12:53 INFO  SortManager:64 - Merge sorted in 6400 Nano Seconds
2022-02-04 12:12:53 INFO  SortManager:65 - BST sorted in 423299 Nano Seconds
2022-02-06 20:38:08 INFO  SortManager:77 - Bubble sorted in 8858 Nano Seconds
2022-02-06 20:38:08 INFO  SortManager:78 - Merge sorted in 12519 Nano Seconds
2022-02-06 20:38:08 INFO  SortManager:79 - BST sorted in 0 Nano Seconds
2022-02-06 20:38:37 INFO  SortManager:77 - Bubble sorted in 6385 Nano Seconds
2022-02-06 20:38:37 INFO  SortManager:78 - Merge sorted in 10427 Nano Seconds
2022-02-06 20:38:37 INFO  SortManager:79 - BST sorted in 526904 Nano Seconds
